<?xml version="1.0" encoding="UTF-8"?>
<!-- Generated by org.testng.reporters.JUnitReportReporter -->
<testsuite hostname="DESKTOP-SK0G9HF" failures="0" tests="2" name="flipkart.Homepage" time="88.271" errors="0" timestamp="2021-11-13T16:37:11 IST" skipped="1">
  <testcase classname="flipkart.Homepage" name="Username" time="51.045">
    <skipped/>
  </testcase> <!-- Username -->
  <system-out/>
  <testcase classname="flipkart.Homepage" name="Login" time="37.226"/>
  <system-out/>
</testsuite> <!-- flipkart.Homepage -->
